java.io.FileNotFoundException: C:\Users\dsadj\AppData\Local\Programs\BurpSuiteCommunity\jre\bin\awt.dll (The process cannot access the file because it is being used by another process)
	at java.base/java.io.FileOutputStream.open0(Native Method)
	at java.base/java.io.FileOutputStream.open(FileOutputStream.java:295)
	at java.base/java.io.FileOutputStream.<init>(FileOutputStream.java:236)
	at com.exe4j.runtime.util.FileUtil.copyFile(FileUtil.java:23)
	at com.exe4j.runtime.util.FileUtil.copyFile(FileUtil.java:15)
	at com.exe4j.runtime.util.FileUtil.copyDirectory(FileUtil.java:112)
	at com.exe4j.runtime.util.FileUtil.copyDirectory(FileUtil.java:99)
	at com.exe4j.runtime.util.FileUtil.copyDirectory(FileUtil.java:79)
	at com.install4j.runtime.installer.helper.content.JreInstaller.rollback(JreInstaller.java:598)
	at com.install4j.runtime.installer.helper.content.ContentInstaller$6.run(ContentInstaller.java:678)
	at com.install4j.runtime.installer.helper.comm.actions.RunAction.execute(RunAction.java:11)
	at com.install4j.runtime.installer.helper.comm.HelperCommunication.executeActionDirect(HelperCommunication.java:292)
	at com.install4j.runtime.installer.helper.comm.HelperCommunication.executeActionInt(HelperCommunication.java:277)
	at com.install4j.runtime.installer.helper.comm.HelperCommunication.executeAction(HelperCommunication.java:244)
	at com.install4j.runtime.installer.helper.content.ContentInstaller.rollbackInt(ContentInstaller.java:675)
	at com.install4j.runtime.installer.helper.content.ContentInstaller.rollback(ContentInstaller.java:671)
	at com.install4j.runtime.beans.actions.InstallFilesAction.rollback(InstallFilesAction.java:140)
	at com.install4j.runtime.installer.InstallerContextImpl$2.run(InstallerContextImpl.java:184)
	at com.install4j.runtime.installer.helper.comm.actions.RunAction.execute(RunAction.java:11)
	at com.install4j.runtime.installer.helper.comm.HelperCommunication.executeActionDirect(HelperCommunication.java:292)
	at com.install4j.runtime.installer.helper.comm.HelperCommunication.executeActionInt(HelperCommunication.java:277)
	at com.install4j.runtime.installer.helper.comm.HelperCommunication.executeAction(HelperCommunication.java:244)
	at com.install4j.runtime.installer.InstallerContextImpl.rollbackActionIntStatic(InstallerContextImpl.java:181)
	at com.install4j.runtime.installer.InstallerContextImpl.rollbackActionInt(InstallerContextImpl.java:175)
	at com.install4j.runtime.installer.ContextImpl.rollbackAction(ContextImpl.java:1196)
	at com.install4j.runtime.installer.controller.Controller.rollbackActions(Controller.java:366)
	at com.install4j.runtime.installer.controller.Controller.rollback(Controller.java:338)
	at com.install4j.runtime.installer.controller.Controller.handleCommand(Controller.java:243)
	at com.install4j.runtime.installer.controller.Controller.start(Controller.java:135)
	at com.install4j.runtime.installer.Installer.runInProcess(Installer.java:74)
	at com.install4j.runtime.installer.Installer.main(Installer.java:50)
	at java.base/jdk.internal.reflect.DirectMethodHandleAccessor.invoke(DirectMethodHandleAccessor.java:104)
	at java.base/java.lang.reflect.Method.invoke(Method.java:578)
	at com.exe4j.runtime.LauncherEngine.launch(LauncherEngine.java:84)
	at com.exe4j.runtime.WinLauncher.main(WinLauncher.java:94)
	at com.install4j.runtime.launcher.WinLauncher.main(WinLauncher.java:25)
